mat_conv.c(10): Error! E1055: Unable to open 'mex.h'
mat_conv.c(11): Error! E1055: Unable to open 'pthread.h'
mat_conv.c(21): Error! E1063: Missing operand
mat_conv.c(21): Warning! W111: Meaningless use of an expression
mat_conv.c(21): Error! E1009: Expecting ';' but found 'int'
mat_conv.c(21): Error! E1063: Missing operand
mat_conv.c(21): Error! E1009: Expecting ';' but found 'int'
mat_conv.c(21): Error! E1063: Missing operand
mat_conv.c(21): Warning! W111: Meaningless use of an expression
mat_conv.c(21): Error! E1009: Expecting ')' but found 'int'
mat_conv.c(21): Error! E1011: Symbol 'i' has not been declared
mat_conv.c(21): Warning! W111: Meaningless use of an expression
mat_conv.c(21): Error! E1009: Expecting ';' but found ')'
mat_conv.c(36): Error! E1063: Missing operand
mat_conv.c(36): Warning! W111: Meaningless use of an expression
mat_conv.c(36): Error! E1009: Expecting ';' but found 'int'
mat_conv.c(36): Error! E1063: Missing operand
mat_conv.c(36): Error! E1009: Expecting ';' but found 'int'
mat_conv.c(36): Error! E1063: Missing operand
mat_conv.c(36): Warning! W111: Meaningless use of an expression
mat_conv.c(36): Error! E1009: Expecting ')' but found 'int'
mat_conv.c(36): Error! E1011: Symbol 'i' has not been declared
mat_conv.c(36): Warning! W111: Meaningless use of an expression
mat_conv.c(36): Error! E1009: Expecting ';' but found ')'
mat_conv.c(38): Error! E1063: Missing operand
mat_conv.c(38): Warning! W111: Meaningless use of an expression
mat_conv.c(38): Error! E1009: Expecting ';' but found 'int'
mat_conv.c(38): Error! E1147: Too many errors: compilation aborted
